0 info it worked if it ends with ok
1 verbose cli [ 'node', '/usr/local/bin/npm', 'link', 'two.js' ]
2 info using npm@2.1.17
3 info using node@v0.10.35
4 verbose node symlink /usr/local/bin/node
5 verbose config Skipping project config: /Users/ghall/.npmrc. (matches userconfig)
6 verbose install where, what [ '/usr/local/lib', [ 'two.js' ] ]
7 silly cache add args [ 'two.js', null ]
8 verbose cache add spec two.js
9 silly cache add parsed spec { raw: 'two.js',
9 silly cache add   scope: null,
9 silly cache add   name: 'two.js',
9 silly cache add   rawSpec: '',
9 silly cache add   spec: '*',
9 silly cache add   type: 'range' }
10 verbose addNamed two.js@*
11 silly addNamed semver.valid null
12 silly addNamed semver.validRange *
13 silly addNameRange { name: 'two.js', range: '*', hasData: false }
14 silly mapToRegistry name two.js
15 silly mapToRegistry using default registry
16 silly mapToRegistry registry https://registry.npmjs.org/
17 silly mapToRegistry uri https://registry.npmjs.org/two.js
18 verbose addNameRange registry:https://registry.npmjs.org/two.js not in flight; fetching
19 verbose request uri https://registry.npmjs.org/two.js
20 verbose request no auth needed
21 info attempt registry request try #1 at 13:23:09
22 verbose request id 180f1243edb5bd7a
23 verbose etag "3ZZ044Y91ZFNS592NST4PW0N4"
24 http request GET https://registry.npmjs.org/two.js
25 http 304 https://registry.npmjs.org/two.js
26 silly get cb [ 304,
26 silly get   { date: 'Sat, 07 Feb 2015 18:22:53 GMT',
26 silly get     server: 'Apache',
26 silly get     via: '1.1 varnish',
26 silly get     'last-modified': 'Sat, 07 Feb 2015 18:22:53 GMT',
26 silly get     'cache-control': 'max-age=60',
26 silly get     etag: '"3ZZ044Y91ZFNS592NST4PW0N4"',
26 silly get     age: '0',
26 silly get     'x-served-by': 'cache-jfk1035-JFK',
26 silly get     'x-cache': 'MISS',
26 silly get     'x-cache-hits': '0',
26 silly get     'x-timer': 'S1423333373.903653,VS0,VE26',
26 silly get     vary: 'Accept',
26 silly get     'content-length': '0',
26 silly get     'keep-alive': 'timeout=10, max=50',
26 silly get     connection: 'Keep-Alive' } ]
27 verbose etag https://registry.npmjs.org/two.js from cache
28 silly addNameRange number 2 { name: 'two.js', range: '*', hasData: true }
29 silly addNameRange versions [ 'two.js', [ '0.2.0', '0.3.0', '0.4.0' ] ]
30 verbose addNamed two.js@0.4.0
31 silly addNamed semver.valid 0.4.0
32 silly addNamed semver.validRange 0.4.0
33 silly cache afterAdd two.js@0.4.0
34 verbose afterAdd /Users/ghall/.npm/two.js/0.4.0/package/package.json not in flight; writing
35 verbose afterAdd /Users/ghall/.npm/two.js/0.4.0/package/package.json written
36 silly install resolved [ { name: 'two.js',
36 silly install resolved     version: '0.4.0',
36 silly install resolved     description: 'A two-dimensional drawing api meant for modern browsers.',
36 silly install resolved     keywords:
36 silly install resolved      [ 'dom',
36 silly install resolved        'w3c',
36 silly install resolved        'visualization',
36 silly install resolved        'svg',
36 silly install resolved        'animation',
36 silly install resolved        'canvas2d',
36 silly install resolved        'webgl',
36 silly install resolved        'rendering',
36 silly install resolved        'motiongraphics' ],
36 silly install resolved     homepage: 'http://jonobr1.github.io/two.js/',
36 silly install resolved     author: { name: 'jonobr1', url: 'http://jonobr1.com/' },
36 silly install resolved     main: 'build/two.js',
36 silly install resolved     repository: { type: 'git', url: 'https://github.com/jonobr1/two.js' },
36 silly install resolved     bugs: { url: 'https://github.com/jonobr1/two.js/issues' },
36 silly install resolved     licenses: [ [Object] ],
36 silly install resolved     dependencies: {},
36 silly install resolved     devDependencies:
36 silly install resolved      { grunt: '^0.4.0',
36 silly install resolved        'grunt-contrib-jshint': '^0.10.0',
36 silly install resolved        'grunt-contrib-watch': '^0.6.0',
36 silly install resolved        'grunt-contrib-connect': '^0.8.0',
36 silly install resolved        'grunt-contrib-concat': '^0.4.0',
36 silly install resolved        'grunt-closure-tools': '^0.9.0',
36 silly install resolved        'grunt-contrib-uglify': '^0.4.0',
36 silly install resolved        'grunt-contrib-qunit': '^0.5.1' },
36 silly install resolved     gitHead: 'b0cb2a9c90b80c2c10c6797a17c17b4a14f7b72f',
36 silly install resolved     _id: 'two.js@0.4.0',
36 silly install resolved     scripts: {},
36 silly install resolved     _shasum: 'ceeb3f3fe9b5786f1638c711c3109375ce710429',
36 silly install resolved     _from: 'two.js@*',
36 silly install resolved     _npmVersion: '1.4.16',
36 silly install resolved     _npmUser: { name: 'jonobr1', email: 'correspondence@jonobr1.com' },
36 silly install resolved     maintainers: [ [Object], [Object] ],
36 silly install resolved     dist:
36 silly install resolved      { shasum: 'ceeb3f3fe9b5786f1638c711c3109375ce710429',
36 silly install resolved        tarball: 'http://registry.npmjs.org/two.js/-/two.js-0.4.0.tgz' },
36 silly install resolved     directories: {},
36 silly install resolved     _resolved: 'https://registry.npmjs.org/two.js/-/two.js-0.4.0.tgz',
36 silly install resolved     readme: 'ERROR: No README data found!' } ]
37 info install two.js@0.4.0 into /usr/local/lib
38 info installOne two.js@0.4.0
39 verbose installOne of two.js to /usr/local/lib not in flight; installing
40 verbose lock using /Users/ghall/.npm/_locks/two-js-70c9d0a02174c196.lock for /usr/local/lib/node_modules/two.js
41 silly install write writing two.js 0.4.0 to /usr/local/lib/node_modules/two.js
42 silly cache addNamed cb two.js@0.4.0
43 verbose unbuild b/node_modules/two.js
44 verbose gentlyRm vacuuming /usr/local/lib/node_modules/two.js
45 verbose unlock done using /Users/ghall/.npm/_locks/two-js-70c9d0a02174c196.lock for /usr/local/lib/node_modules/two.js
46 verbose stack Error: /usr/local/lib/node_modules/two.js is not a child of /Users/ghall
46 verbose stack     at vacuum (/usr/local/lib/node_modules/npm/node_modules/fs-vacuum/vacuum.js:26:15)
46 verbose stack     at gentlyRm (/usr/local/lib/node_modules/npm/lib/utils/gently-rm.js:48:12)
46 verbose stack     at /usr/local/lib/node_modules/npm/lib/unbuild.js:30:20
46 verbose stack     at /usr/local/lib/node_modules/npm/node_modules/read-package-json/read-json.js:51:40
46 verbose stack     at /usr/local/lib/node_modules/npm/node_modules/read-package-json/read-json.js:97:49
46 verbose stack     at evalmachine.<anonymous>:208:20
46 verbose stack     at OpenReq.Req.done (/usr/local/lib/node_modules/npm/node_modules/graceful-fs/graceful-fs.js:141:5)
46 verbose stack     at OpenReq.done (/usr/local/lib/node_modules/npm/node_modules/graceful-fs/graceful-fs.js:61:22)
46 verbose stack     at Object.oncomplete (evalmachine.<anonymous>:108:15)
47 verbose cwd /Users/ghall/code/2d/js
48 error Darwin 14.0.0
49 error argv "node" "/usr/local/bin/npm" "link" "two.js"
50 error node v0.10.35
51 error npm  v2.1.17
52 error /usr/local/lib/node_modules/two.js is not a child of /Users/ghall
53 error If you need help, you may report this error at:
53 error     <http://github.com/npm/npm/issues>
54 verbose exit [ 1, true ]
55 verbose unbuild b/node_modules/two.js
56 verbose gentlyRm vacuuming /usr/local/lib/node_modules/two.js
57 error error rolling back Error: /usr/local/lib/node_modules/two.js is not a child of /Users/ghall
57 error error rolling back     at vacuum (/usr/local/lib/node_modules/npm/node_modules/fs-vacuum/vacuum.js:26:15)
57 error error rolling back     at gentlyRm (/usr/local/lib/node_modules/npm/lib/utils/gently-rm.js:48:12)
57 error error rolling back     at /usr/local/lib/node_modules/npm/lib/unbuild.js:30:20
57 error error rolling back     at /usr/local/lib/node_modules/npm/node_modules/read-package-json/read-json.js:51:40
57 error error rolling back     at /usr/local/lib/node_modules/npm/node_modules/read-package-json/read-json.js:97:49
57 error error rolling back     at evalmachine.<anonymous>:208:20
57 error error rolling back     at OpenReq.Req.done (/usr/local/lib/node_modules/npm/node_modules/graceful-fs/graceful-fs.js:141:5)
57 error error rolling back     at OpenReq.done (/usr/local/lib/node_modules/npm/node_modules/graceful-fs/graceful-fs.js:61:22)
57 error error rolling back     at Object.oncomplete (evalmachine.<anonymous>:108:15)
57 error error rolling back  [Error: /usr/local/lib/node_modules/two.js is not a child of /Users/ghall]
